<?xml version="1.0" encoding="UTF-8"?>
<testsuite xmlns:xsi="http://www.w3.org/2001/XMLSchema-instance" xsi:noNamespaceSchemaLocation="https://maven.apache.org/surefire/maven-failsafe-plugin/xsd/failsafe-test-report-3.0.xsd" version="3.0" name="com.dmdev.service.integration.RequestIT" time="0.182" tests="4" errors="0" skipped="0" failures="0">
  <properties>
[...]
</properties>
  <testcase name="checkGetRequest" classname="com.dmdev.service.integration.RequestIT" time="0.049">
    <system-out><![CDATA[Hibernate: 
    drop table if exists roles cascade ; 
Hibernate: 
    create table if not exists roles(     id int auto_increment primary key ,     name varchar(128) not null ); 
Hibernate: 
    insert 
    into
        roles
        (name) 
    values
        ( 'USER' ), (
            'ADMIN'
        ); 
Hibernate: 
    drop table if exists cars cascade ; 
Hibernate: 
    create table if not exists cars(     id int auto_increment primary key ,     model varchar(128) not null,     status varchar(128) not null ); 
Hibernate: 
    insert 
    into
        cars
        (model, status) 
    values
        ( 'audi', 'FREE' ), (
            'bmw', 'FREE'
        ); 
Hibernate: 
    drop table if exists users cascade ; 
Hibernate: 
    create table if not exists users( id int auto_increment primary key ,     name varchar(128) not null ,     last_name varchar(128) not null ,     role_id int not null references roles(id) 
        on DELETE cascade 
                on UPDATE
                    cascade); 
Hibernate: 
    insert 
    into
        users
        (name, last_name, role_id) 
    values
        ( 'ira', 'pirogova', 1 ), (
            'marta', 'mironova', 2
        ); 
Hibernate: 
    drop table if exists requests cascade ; 
Hibernate: 
    create table if not exists requests(     id int auto_increment primary key ,     passport varchar(128) not null ,     date_request date not null ,     date_return date not null ,     user_id int references users(id) 
        on UPDATE
            cascade                             
                on DELETE cascade ,
                car_id int not null references cars (id) 
                    on DELETE cascade 
                            on UPDATE
                                cascade ); 
Hibernate: 
    insert 
    into
        requests
        (passport, date_request, date_return, user_id, car_id) 
    values
        ( 'KH1234', '2022-5-12', '2022-5-13', 1, 1 ); 
Hibernate: 
    select
        request0_.id as id1_1_0_,
        request0_.car_id as car_id2_1_0_,
        request0_.date_request as date_req3_1_0_,
        request0_.date_return as date_ret4_1_0_,
        request0_.passport as passport5_1_0_,
        request0_.user_id as user_id6_1_0_ 
    from
        requests request0_ 
    where
        request0_.id=?
]]></system-out>
  </testcase>
  <testcase name="checkUpdateRequest" classname="com.dmdev.service.integration.RequestIT" time="0.037">
    <system-out><![CDATA[Hibernate: 
    drop table if exists roles cascade ; 
Hibernate: 
    create table if not exists roles(     id int auto_increment primary key ,     name varchar(128) not null ); 
Hibernate: 
    insert 
    into
        roles
        (name) 
    values
        ( 'USER' ), (
            'ADMIN'
        ); 
Hibernate: 
    drop table if exists cars cascade ; 
Hibernate: 
    create table if not exists cars(     id int auto_increment primary key ,     model varchar(128) not null,     status varchar(128) not null ); 
Hibernate: 
    insert 
    into
        cars
        (model, status) 
    values
        ( 'audi', 'FREE' ), (
            'bmw', 'FREE'
        ); 
Hibernate: 
    drop table if exists users cascade ; 
Hibernate: 
    create table if not exists users( id int auto_increment primary key ,     name varchar(128) not null ,     last_name varchar(128) not null ,     role_id int not null references roles(id) 
        on DELETE cascade 
                on UPDATE
                    cascade); 
Hibernate: 
    insert 
    into
        users
        (name, last_name, role_id) 
    values
        ( 'ira', 'pirogova', 1 ), (
            'marta', 'mironova', 2
        ); 
Hibernate: 
    drop table if exists requests cascade ; 
Hibernate: 
    create table if not exists requests(     id int auto_increment primary key ,     passport varchar(128) not null ,     date_request date not null ,     date_return date not null ,     user_id int references users(id) 
        on UPDATE
            cascade                             
                on DELETE cascade ,
                car_id int not null references cars (id) 
                    on DELETE cascade 
                            on UPDATE
                                cascade ); 
Hibernate: 
    insert 
    into
        requests
        (passport, date_request, date_return, user_id, car_id) 
    values
        ( 'KH1234', '2022-5-12', '2022-5-13', 1, 1 ); 
Hibernate: 
    select
        request0_.id as id1_1_0_,
        request0_.car_id as car_id2_1_0_,
        request0_.date_request as date_req3_1_0_,
        request0_.date_return as date_ret4_1_0_,
        request0_.passport as passport5_1_0_,
        request0_.user_id as user_id6_1_0_ 
    from
        requests request0_ 
    where
        request0_.id=?
Hibernate: 
    update
        requests 
    set
        car_id=?,
        date_request=?,
        date_return=?,
        passport=?,
        user_id=? 
    where
        id=?
]]></system-out>
  </testcase>
  <testcase name="checkSaveRequest" classname="com.dmdev.service.integration.RequestIT" time="0.039">
    <system-out><![CDATA[Hibernate: 
    drop table if exists roles cascade ; 
Hibernate: 
    create table if not exists roles(     id int auto_increment primary key ,     name varchar(128) not null ); 
Hibernate: 
    insert 
    into
        roles
        (name) 
    values
        ( 'USER' ), (
            'ADMIN'
        ); 
Hibernate: 
    drop table if exists cars cascade ; 
Hibernate: 
    create table if not exists cars(     id int auto_increment primary key ,     model varchar(128) not null,     status varchar(128) not null ); 
Hibernate: 
    insert 
    into
        cars
        (model, status) 
    values
        ( 'audi', 'FREE' ), (
            'bmw', 'FREE'
        ); 
Hibernate: 
    drop table if exists users cascade ; 
Hibernate: 
    create table if not exists users( id int auto_increment primary key ,     name varchar(128) not null ,     last_name varchar(128) not null ,     role_id int not null references roles(id) 
        on DELETE cascade 
                on UPDATE
                    cascade); 
Hibernate: 
    insert 
    into
        users
        (name, last_name, role_id) 
    values
        ( 'ira', 'pirogova', 1 ), (
            'marta', 'mironova', 2
        ); 
Hibernate: 
    drop table if exists requests cascade ; 
Hibernate: 
    create table if not exists requests(     id int auto_increment primary key ,     passport varchar(128) not null ,     date_request date not null ,     date_return date not null ,     user_id int references users(id) 
        on UPDATE
            cascade                             
                on DELETE cascade ,
                car_id int not null references cars (id) 
                    on DELETE cascade 
                            on UPDATE
                                cascade ); 
Hibernate: 
    insert 
    into
        requests
        (passport, date_request, date_return, user_id, car_id) 
    values
        ( 'KH1234', '2022-5-12', '2022-5-13', 1, 1 ); 
Hibernate: 
    insert 
    into
        requests
        (id, car_id, date_request, date_return, passport, user_id) 
    values
        (default, ?, ?, ?, ?, ?)
Hibernate: 
    select
        passport,
        date_request,
        date_return,
        user_id,
        car_id 
    from
        requests
]]></system-out>
  </testcase>
  <testcase name="checkDeleteRequest" classname="com.dmdev.service.integration.RequestIT" time="0.028">
    <system-out><![CDATA[Hibernate: 
    drop table if exists roles cascade ; 
Hibernate: 
    create table if not exists roles(     id int auto_increment primary key ,     name varchar(128) not null ); 
Hibernate: 
    insert 
    into
        roles
        (name) 
    values
        ( 'USER' ), (
            'ADMIN'
        ); 
Hibernate: 
    drop table if exists cars cascade ; 
Hibernate: 
    create table if not exists cars(     id int auto_increment primary key ,     model varchar(128) not null,     status varchar(128) not null ); 
Hibernate: 
    insert 
    into
        cars
        (model, status) 
    values
        ( 'audi', 'FREE' ), (
            'bmw', 'FREE'
        ); 
Hibernate: 
    drop table if exists users cascade ; 
Hibernate: 
    create table if not exists users( id int auto_increment primary key ,     name varchar(128) not null ,     last_name varchar(128) not null ,     role_id int not null references roles(id) 
        on DELETE cascade 
                on UPDATE
                    cascade); 
Hibernate: 
    insert 
    into
        users
        (name, last_name, role_id) 
    values
        ( 'ira', 'pirogova', 1 ), (
            'marta', 'mironova', 2
        ); 
Hibernate: 
    drop table if exists requests cascade ; 
Hibernate: 
    create table if not exists requests(     id int auto_increment primary key ,     passport varchar(128) not null ,     date_request date not null ,     date_return date not null ,     user_id int references users(id) 
        on UPDATE
            cascade                             
                on DELETE cascade ,
                car_id int not null references cars (id) 
                    on DELETE cascade 
                            on UPDATE
                                cascade ); 
Hibernate: 
    insert 
    into
        requests
        (passport, date_request, date_return, user_id, car_id) 
    values
        ( 'KH1234', '2022-5-12', '2022-5-13', 1, 1 ); 
Hibernate: 
    select
        request0_.id as id1_1_0_,
        request0_.car_id as car_id2_1_0_,
        request0_.date_request as date_req3_1_0_,
        request0_.date_return as date_ret4_1_0_,
        request0_.passport as passport5_1_0_,
        request0_.user_id as user_id6_1_0_ 
    from
        requests request0_ 
    where
        request0_.id=?
Hibernate: 
    delete 
    from
        requests 
    where
        id=?
Hibernate: 
    select
        passport,
        date_request,
        date_return,
        user_id,
        car_id 
    from
        requests
]]></system-out>
  </testcase>
</testsuite>